Performing C++ SOURCE FILE Test MULTIPASS_TEST_1_petsc_works_minimal failed with the following output:
Change Dir: /home/jfausty/workspace/Codes/HyperFox/parbuild/CMakeFiles/CMakeTmp

Run Build Command(s):/usr/bin/make cmTC_9e816/fast && /usr/bin/make  -f CMakeFiles/cmTC_9e816.dir/build.make CMakeFiles/cmTC_9e816.dir/build
make[1] : on entre dans le répertoire « /home/jfausty/workspace/Codes/HyperFox/parbuild/CMakeFiles/CMakeTmp »
Building CXX object CMakeFiles/cmTC_9e816.dir/src.cxx.o
/usr/bin/c++   -I/home/jfausty/workspace/Dependencies/petsc-3.13.2/arch-linux-c-debug/include -I/home/jfausty/workspace/Dependencies/petsc-3.13.2/include  -fopenmp -DMULTIPASS_TEST_1_petsc_works_minimal   -o CMakeFiles/cmTC_9e816.dir/src.cxx.o -c /home/jfausty/workspace/Codes/HyperFox/parbuild/CMakeFiles/CMakeTmp/src.cxx
In file included from /home/jfausty/workspace/Dependencies/petsc-3.13.2/include/petscis.h:7:0,
                 from /home/jfausty/workspace/Dependencies/petsc-3.13.2/include/petscvec.h:9,
                 from /home/jfausty/workspace/Dependencies/petsc-3.13.2/include/petscmat.h:6,
                 from /home/jfausty/workspace/Dependencies/petsc-3.13.2/include/petscpc.h:6,
                 from /home/jfausty/workspace/Dependencies/petsc-3.13.2/include/petscksp.h:6,
                 from /home/jfausty/workspace/Dependencies/petsc-3.13.2/include/petscsnes.h:6,
                 from /home/jfausty/workspace/Dependencies/petsc-3.13.2/include/petscts.h:7,
                 from /home/jfausty/workspace/Codes/HyperFox/parbuild/CMakeFiles/CMakeTmp/src.cxx:3:
/home/jfausty/workspace/Dependencies/petsc-3.13.2/include/petscsys.h:134:12: fatal error: mpi.h: Aucun fichier ou dossier de ce type
 #  include <mpi.h>
            ^~~~~~~
compilation terminated.
CMakeFiles/cmTC_9e816.dir/build.make:85: recipe for target 'CMakeFiles/cmTC_9e816.dir/src.cxx.o' failed
make[1]: *** [CMakeFiles/cmTC_9e816.dir/src.cxx.o] Error 1
make[1] : on quitte le répertoire « /home/jfausty/workspace/Codes/HyperFox/parbuild/CMakeFiles/CMakeTmp »
Makefile:141: recipe for target 'cmTC_9e816/fast' failed
make: *** [cmTC_9e816/fast] Error 2


...and run output:

Return value: 1
Source file was:

static const char help[] = "PETSc test program.";
#include <petscts.h>
int main(int argc,char *argv[]) {
  PetscErrorCode ierr;
  TS ts;

  ierr = PetscInitialize(&argc,&argv,0,help);CHKERRQ(ierr);
  ierr = TSCreate(PETSC_COMM_WORLD,&ts);CHKERRQ(ierr);
  ierr = TSSetFromOptions(ts);CHKERRQ(ierr);
  ierr = TSDestroy(&ts);CHKERRQ(ierr);
  ierr = PetscFinalize();CHKERRQ(ierr);
  return 0;
}

Performing C++ SOURCE FILE Test MULTIPASS_TEST_2_petsc_works_allincludes failed with the following output:
Change Dir: /home/jfausty/workspace/Codes/HyperFox/parbuild/CMakeFiles/CMakeTmp

Run Build Command(s):/usr/bin/make cmTC_90f5c/fast && /usr/bin/make  -f CMakeFiles/cmTC_90f5c.dir/build.make CMakeFiles/cmTC_90f5c.dir/build
make[1] : on entre dans le répertoire « /home/jfausty/workspace/Codes/HyperFox/parbuild/CMakeFiles/CMakeTmp »
Building CXX object CMakeFiles/cmTC_90f5c.dir/src.cxx.o
/usr/bin/c++   -I/home/jfausty/workspace/Dependencies/petsc-3.13.2/include -I/home/jfausty/workspace/Dependencies/petsc-3.13.2/arch-linux-c-debug/include  -fopenmp -DMULTIPASS_TEST_2_petsc_works_allincludes   -o CMakeFiles/cmTC_90f5c.dir/src.cxx.o -c /home/jfausty/workspace/Codes/HyperFox/parbuild/CMakeFiles/CMakeTmp/src.cxx
In file included from /home/jfausty/workspace/Dependencies/petsc-3.13.2/include/petscis.h:7:0,
                 from /home/jfausty/workspace/Dependencies/petsc-3.13.2/include/petscvec.h:9,
                 from /home/jfausty/workspace/Dependencies/petsc-3.13.2/include/petscmat.h:6,
                 from /home/jfausty/workspace/Dependencies/petsc-3.13.2/include/petscpc.h:6,
                 from /home/jfausty/workspace/Dependencies/petsc-3.13.2/include/petscksp.h:6,
                 from /home/jfausty/workspace/Dependencies/petsc-3.13.2/include/petscsnes.h:6,
                 from /home/jfausty/workspace/Dependencies/petsc-3.13.2/include/petscts.h:7,
                 from /home/jfausty/workspace/Codes/HyperFox/parbuild/CMakeFiles/CMakeTmp/src.cxx:3:
/home/jfausty/workspace/Dependencies/petsc-3.13.2/include/petscsys.h:134:12: fatal error: mpi.h: Aucun fichier ou dossier de ce type
 #  include <mpi.h>
            ^~~~~~~
compilation terminated.
CMakeFiles/cmTC_90f5c.dir/build.make:85: recipe for target 'CMakeFiles/cmTC_90f5c.dir/src.cxx.o' failed
make[1]: *** [CMakeFiles/cmTC_90f5c.dir/src.cxx.o] Error 1
make[1] : on quitte le répertoire « /home/jfausty/workspace/Codes/HyperFox/parbuild/CMakeFiles/CMakeTmp »
Makefile:141: recipe for target 'cmTC_90f5c/fast' failed
make: *** [cmTC_90f5c/fast] Error 2


...and run output:

Return value: 1
Source file was:

static const char help[] = "PETSc test program.";
#include <petscts.h>
int main(int argc,char *argv[]) {
  PetscErrorCode ierr;
  TS ts;

  ierr = PetscInitialize(&argc,&argv,0,help);CHKERRQ(ierr);
  ierr = TSCreate(PETSC_COMM_WORLD,&ts);CHKERRQ(ierr);
  ierr = TSSetFromOptions(ts);CHKERRQ(ierr);
  ierr = TSDestroy(&ts);CHKERRQ(ierr);
  ierr = PetscFinalize();CHKERRQ(ierr);
  return 0;
}

Performing C++ SOURCE FILE Test MULTIPASS_TEST_3_petsc_works_alllibraries failed with the following output:
Change Dir: /home/jfausty/workspace/Codes/HyperFox/parbuild/CMakeFiles/CMakeTmp

Run Build Command(s):/usr/bin/make cmTC_816e5/fast && /usr/bin/make  -f CMakeFiles/cmTC_816e5.dir/build.make CMakeFiles/cmTC_816e5.dir/build
make[1] : on entre dans le répertoire « /home/jfausty/workspace/Codes/HyperFox/parbuild/CMakeFiles/CMakeTmp »
Building CXX object CMakeFiles/cmTC_816e5.dir/src.cxx.o
/usr/bin/c++   -I/home/jfausty/workspace/Dependencies/petsc-3.13.2/arch-linux-c-debug/include -I/home/jfausty/workspace/Dependencies/petsc-3.13.2/include  -fopenmp -DMULTIPASS_TEST_3_petsc_works_alllibraries   -o CMakeFiles/cmTC_816e5.dir/src.cxx.o -c /home/jfausty/workspace/Codes/HyperFox/parbuild/CMakeFiles/CMakeTmp/src.cxx
In file included from /home/jfausty/workspace/Dependencies/petsc-3.13.2/include/petscis.h:7:0,
                 from /home/jfausty/workspace/Dependencies/petsc-3.13.2/include/petscvec.h:9,
                 from /home/jfausty/workspace/Dependencies/petsc-3.13.2/include/petscmat.h:6,
                 from /home/jfausty/workspace/Dependencies/petsc-3.13.2/include/petscpc.h:6,
                 from /home/jfausty/workspace/Dependencies/petsc-3.13.2/include/petscksp.h:6,
                 from /home/jfausty/workspace/Dependencies/petsc-3.13.2/include/petscsnes.h:6,
                 from /home/jfausty/workspace/Dependencies/petsc-3.13.2/include/petscts.h:7,
                 from /home/jfausty/workspace/Codes/HyperFox/parbuild/CMakeFiles/CMakeTmp/src.cxx:3:
/home/jfausty/workspace/Dependencies/petsc-3.13.2/include/petscsys.h:134:12: fatal error: mpi.h: Aucun fichier ou dossier de ce type
 #  include <mpi.h>
            ^~~~~~~
compilation terminated.
CMakeFiles/cmTC_816e5.dir/build.make:85: recipe for target 'CMakeFiles/cmTC_816e5.dir/src.cxx.o' failed
make[1]: *** [CMakeFiles/cmTC_816e5.dir/src.cxx.o] Error 1
make[1] : on quitte le répertoire « /home/jfausty/workspace/Codes/HyperFox/parbuild/CMakeFiles/CMakeTmp »
Makefile:141: recipe for target 'cmTC_816e5/fast' failed
make: *** [cmTC_816e5/fast] Error 2


...and run output:

Return value: 1
Source file was:

static const char help[] = "PETSc test program.";
#include <petscts.h>
int main(int argc,char *argv[]) {
  PetscErrorCode ierr;
  TS ts;

  ierr = PetscInitialize(&argc,&argv,0,help);CHKERRQ(ierr);
  ierr = TSCreate(PETSC_COMM_WORLD,&ts);CHKERRQ(ierr);
  ierr = TSSetFromOptions(ts);CHKERRQ(ierr);
  ierr = TSDestroy(&ts);CHKERRQ(ierr);
  ierr = PetscFinalize();CHKERRQ(ierr);
  return 0;
}

Performing C++ SOURCE FILE Test MULTIPASS_TEST_4_petsc_works_all failed with the following output:
Change Dir: /home/jfausty/workspace/Codes/HyperFox/parbuild/CMakeFiles/CMakeTmp

Run Build Command(s):/usr/bin/make cmTC_51ccc/fast && /usr/bin/make  -f CMakeFiles/cmTC_51ccc.dir/build.make CMakeFiles/cmTC_51ccc.dir/build
make[1] : on entre dans le répertoire « /home/jfausty/workspace/Codes/HyperFox/parbuild/CMakeFiles/CMakeTmp »
Building CXX object CMakeFiles/cmTC_51ccc.dir/src.cxx.o
/usr/bin/c++   -I/home/jfausty/workspace/Dependencies/petsc-3.13.2/include -I/home/jfausty/workspace/Dependencies/petsc-3.13.2/arch-linux-c-debug/include  -fopenmp -DMULTIPASS_TEST_4_petsc_works_all   -o CMakeFiles/cmTC_51ccc.dir/src.cxx.o -c /home/jfausty/workspace/Codes/HyperFox/parbuild/CMakeFiles/CMakeTmp/src.cxx
In file included from /home/jfausty/workspace/Dependencies/petsc-3.13.2/include/petscis.h:7:0,
                 from /home/jfausty/workspace/Dependencies/petsc-3.13.2/include/petscvec.h:9,
                 from /home/jfausty/workspace/Dependencies/petsc-3.13.2/include/petscmat.h:6,
                 from /home/jfausty/workspace/Dependencies/petsc-3.13.2/include/petscpc.h:6,
                 from /home/jfausty/workspace/Dependencies/petsc-3.13.2/include/petscksp.h:6,
                 from /home/jfausty/workspace/Dependencies/petsc-3.13.2/include/petscsnes.h:6,
                 from /home/jfausty/workspace/Dependencies/petsc-3.13.2/include/petscts.h:7,
                 from /home/jfausty/workspace/Codes/HyperFox/parbuild/CMakeFiles/CMakeTmp/src.cxx:3:
/home/jfausty/workspace/Dependencies/petsc-3.13.2/include/petscsys.h:134:12: fatal error: mpi.h: Aucun fichier ou dossier de ce type
 #  include <mpi.h>
            ^~~~~~~
compilation terminated.
CMakeFiles/cmTC_51ccc.dir/build.make:85: recipe for target 'CMakeFiles/cmTC_51ccc.dir/src.cxx.o' failed
make[1]: *** [CMakeFiles/cmTC_51ccc.dir/src.cxx.o] Error 1
make[1] : on quitte le répertoire « /home/jfausty/workspace/Codes/HyperFox/parbuild/CMakeFiles/CMakeTmp »
Makefile:141: recipe for target 'cmTC_51ccc/fast' failed
make: *** [cmTC_51ccc/fast] Error 2


...and run output:

Return value: 1
Source file was:

static const char help[] = "PETSc test program.";
#include <petscts.h>
int main(int argc,char *argv[]) {
  PetscErrorCode ierr;
  TS ts;

  ierr = PetscInitialize(&argc,&argv,0,help);CHKERRQ(ierr);
  ierr = TSCreate(PETSC_COMM_WORLD,&ts);CHKERRQ(ierr);
  ierr = TSSetFromOptions(ts);CHKERRQ(ierr);
  ierr = TSDestroy(&ts);CHKERRQ(ierr);
  ierr = PetscFinalize();CHKERRQ(ierr);
  return 0;
}

