The system is: Darwin - 17.4.0 - x86_64
Compiling the C compiler identification source file "CMakeCCompilerId.c" succeeded.
Compiler: /usr/local/opt/llvm/bin/clang 
Build flags: 
Id flags: 

The output was:
0


Compilation of the C compiler identification source "CMakeCCompilerId.c" produced "a.out"

The C compiler identification is Clang, found in "/Users/julienfausty/workspace/personnalStuff/HyperFox/bin/CMakeFiles/3.4.0/CompilerIdC/a.out"

Compiling the CXX compiler identification source file "CMakeCXXCompilerId.cpp" succeeded.
Compiler: /usr/local/opt/llvm/bin/clang++ 
Build flags: -std=c++11;-stdlib=libc++
Id flags: 

The output was:
0


Compilation of the CXX compiler identification source "CMakeCXXCompilerId.cpp" produced "a.out"

The CXX compiler identification is Clang, found in "/Users/julienfausty/workspace/personnalStuff/HyperFox/bin/CMakeFiles/3.4.0/CompilerIdCXX/a.out"

Determining if the C compiler works passed with the following output:
Change Dir: /Users/julienfausty/workspace/personnalStuff/HyperFox/bin/CMakeFiles/CMakeTmp

Run Build Command:"/usr/bin/make" "cmTC_b17a1/fast"
/Applications/Xcode.app/Contents/Developer/usr/bin/make -f CMakeFiles/cmTC_b17a1.dir/build.make CMakeFiles/cmTC_b17a1.dir/build
Building C object CMakeFiles/cmTC_b17a1.dir/testCCompiler.c.o
/usr/local/opt/llvm/bin/clang     -o CMakeFiles/cmTC_b17a1.dir/testCCompiler.c.o   -c /Users/julienfausty/workspace/personnalStuff/HyperFox/bin/CMakeFiles/CMakeTmp/testCCompiler.c
Linking C executable cmTC_b17a1
/usr/local/Cellar/cmake/3.4.0/bin/cmake -E cmake_link_script CMakeFiles/cmTC_b17a1.dir/link.txt --verbose=1
/usr/local/opt/llvm/bin/clang    -Wl,-search_paths_first -Wl,-headerpad_max_install_names   -L/usr/local/opt/llvm/lib -Wl,-rpath,/usr/local/opt/llvm/lib  CMakeFiles/cmTC_b17a1.dir/testCCompiler.c.o  -o cmTC_b17a1 


Detecting C compiler ABI info compiled with the following output:
Change Dir: /Users/julienfausty/workspace/personnalStuff/HyperFox/bin/CMakeFiles/CMakeTmp

Run Build Command:"/usr/bin/make" "cmTC_1c0bc/fast"
/Applications/Xcode.app/Contents/Developer/usr/bin/make -f CMakeFiles/cmTC_1c0bc.dir/build.make CMakeFiles/cmTC_1c0bc.dir/build
Building C object CMakeFiles/cmTC_1c0bc.dir/CMakeCCompilerABI.c.o
/usr/local/opt/llvm/bin/clang     -o CMakeFiles/cmTC_1c0bc.dir/CMakeCCompilerABI.c.o   -c /usr/local/Cellar/cmake/3.4.0/share/cmake/Modules/CMakeCCompilerABI.c
Linking C executable cmTC_1c0bc
/usr/local/Cellar/cmake/3.4.0/bin/cmake -E cmake_link_script CMakeFiles/cmTC_1c0bc.dir/link.txt --verbose=1
/usr/local/opt/llvm/bin/clang    -Wl,-search_paths_first -Wl,-headerpad_max_install_names   -L/usr/local/opt/llvm/lib -Wl,-rpath,/usr/local/opt/llvm/lib -v -Wl,-v CMakeFiles/cmTC_1c0bc.dir/CMakeCCompilerABI.c.o  -o cmTC_1c0bc  
clang version 5.0.1 (tags/RELEASE_501/final)
Target: x86_64-apple-darwin17.4.0
Thread model: posix
InstalledDir: /usr/local/opt/llvm/bin
 "/usr/bin/ld" -demangle -lto_library /usr/local/Cellar/llvm/5.0.1/lib/libLTO.dylib -dynamic -arch x86_64 -macosx_version_min 10.13.0 -o cmTC_1c0bc -L/usr/local/opt/llvm/lib -search_paths_first -headerpad_max_install_names -rpath /usr/local/opt/llvm/lib -v CMakeFiles/cmTC_1c0bc.dir/CMakeCCompilerABI.c.o -lSystem /usr/local/Cellar/llvm/5.0.1/lib/clang/5.0.1/lib/darwin/libclang_rt.osx.a
@(#)PROGRAM:ld  PROJECT:ld64-305
configured to support archs: armv6 armv7 armv7s arm64 i386 x86_64 x86_64h armv6m armv7k armv7m armv7em (tvOS)
Library search paths:
	/usr/local/opt/llvm/lib
	/usr/lib
	/usr/local/lib
Framework search paths:
	/Library/Frameworks/
	/System/Library/Frameworks/


Parsed C implicit link information from above output:
  link line regex: [^( *|.*[/\])(ld|([^/\]+-)?ld|collect2)[^/\]*( |$)]
  ignore line: [Change Dir: /Users/julienfausty/workspace/personnalStuff/HyperFox/bin/CMakeFiles/CMakeTmp]
  ignore line: []
  ignore line: [Run Build Command:"/usr/bin/make" "cmTC_1c0bc/fast"]
  ignore line: [/Applications/Xcode.app/Contents/Developer/usr/bin/make -f CMakeFiles/cmTC_1c0bc.dir/build.make CMakeFiles/cmTC_1c0bc.dir/build]
  ignore line: [Building C object CMakeFiles/cmTC_1c0bc.dir/CMakeCCompilerABI.c.o]
  ignore line: [/usr/local/opt/llvm/bin/clang     -o CMakeFiles/cmTC_1c0bc.dir/CMakeCCompilerABI.c.o   -c /usr/local/Cellar/cmake/3.4.0/share/cmake/Modules/CMakeCCompilerABI.c]
  ignore line: [Linking C executable cmTC_1c0bc]
  ignore line: [/usr/local/Cellar/cmake/3.4.0/bin/cmake -E cmake_link_script CMakeFiles/cmTC_1c0bc.dir/link.txt --verbose=1]
  ignore line: [/usr/local/opt/llvm/bin/clang    -Wl,-search_paths_first -Wl,-headerpad_max_install_names   -L/usr/local/opt/llvm/lib -Wl,-rpath,/usr/local/opt/llvm/lib -v -Wl,-v CMakeFiles/cmTC_1c0bc.dir/CMakeCCompilerABI.c.o  -o cmTC_1c0bc  ]
  ignore line: [clang version 5.0.1 (tags/RELEASE_501/final)]
  ignore line: [Target: x86_64-apple-darwin17.4.0]
  ignore line: [Thread model: posix]
  ignore line: [InstalledDir: /usr/local/opt/llvm/bin]
  link line: [ "/usr/bin/ld" -demangle -lto_library /usr/local/Cellar/llvm/5.0.1/lib/libLTO.dylib -dynamic -arch x86_64 -macosx_version_min 10.13.0 -o cmTC_1c0bc -L/usr/local/opt/llvm/lib -search_paths_first -headerpad_max_install_names -rpath /usr/local/opt/llvm/lib -v CMakeFiles/cmTC_1c0bc.dir/CMakeCCompilerABI.c.o -lSystem /usr/local/Cellar/llvm/5.0.1/lib/clang/5.0.1/lib/darwin/libclang_rt.osx.a]
    arg [/usr/bin/ld] ==> ignore
    arg [-demangle] ==> ignore
    arg [-lto_library] ==> lib [to_library]
    arg [/usr/local/Cellar/llvm/5.0.1/lib/libLTO.dylib] ==> ignore
    arg [-dynamic] ==> ignore
    arg [-arch] ==> ignore
    arg [x86_64] ==> ignore
    arg [-macosx_version_min] ==> ignore
    arg [10.13.0] ==> ignore
    arg [-o] ==> ignore
    arg [cmTC_1c0bc] ==> ignore
    arg [-L/usr/local/opt/llvm/lib] ==> dir [/usr/local/opt/llvm/lib]
    arg [-search_paths_first] ==> ignore
    arg [-headerpad_max_install_names] ==> ignore
    arg [-rpath] ==> ignore
    arg [/usr/local/opt/llvm/lib] ==> ignore
    arg [-v] ==> ignore
    arg [CMakeFiles/cmTC_1c0bc.dir/CMakeCCompilerABI.c.o] ==> ignore
    arg [-lSystem] ==> lib [System]
    arg [/usr/local/Cellar/llvm/5.0.1/lib/clang/5.0.1/lib/darwin/libclang_rt.osx.a] ==> lib [/usr/local/Cellar/llvm/5.0.1/lib/clang/5.0.1/lib/darwin/libclang_rt.osx.a]
  Library search paths: [;/usr/local/opt/llvm/lib;/usr/lib;/usr/local/lib]
  Framework search paths: [;/Library/Frameworks/;/System/Library/Frameworks/]
  remove lib [System]
  collapse library dir [/usr/local/opt/llvm/lib] ==> [/usr/local/opt/llvm/lib]
  collapse library dir [/usr/local/opt/llvm/lib] ==> [/usr/local/opt/llvm/lib]
  collapse library dir [/usr/lib] ==> [/usr/lib]
  collapse library dir [/usr/local/lib] ==> [/usr/local/lib]
  collapse framework dir [/Library/Frameworks/] ==> [/Library/Frameworks]
  collapse framework dir [/System/Library/Frameworks/] ==> [/System/Library/Frameworks]
  implicit libs: [to_library;/usr/local/Cellar/llvm/5.0.1/lib/clang/5.0.1/lib/darwin/libclang_rt.osx.a]
  implicit dirs: [/usr/local/opt/llvm/lib;/usr/lib;/usr/local/lib]
  implicit fwks: [/Library/Frameworks;/System/Library/Frameworks]




Detecting C [-std=c11] compiler features compiled with the following output:
Change Dir: /Users/julienfausty/workspace/personnalStuff/HyperFox/bin/CMakeFiles/CMakeTmp

Run Build Command:"/usr/bin/make" "cmTC_bfef3/fast"
/Applications/Xcode.app/Contents/Developer/usr/bin/make -f CMakeFiles/cmTC_bfef3.dir/build.make CMakeFiles/cmTC_bfef3.dir/build
Building C object CMakeFiles/cmTC_bfef3.dir/feature_tests.c.o
/usr/local/opt/llvm/bin/clang    -std=c11 -o CMakeFiles/cmTC_bfef3.dir/feature_tests.c.o   -c /Users/julienfausty/workspace/personnalStuff/HyperFox/bin/CMakeFiles/feature_tests.c
Linking C executable cmTC_bfef3
/usr/local/Cellar/cmake/3.4.0/bin/cmake -E cmake_link_script CMakeFiles/cmTC_bfef3.dir/link.txt --verbose=1
/usr/local/opt/llvm/bin/clang    -Wl,-search_paths_first -Wl,-headerpad_max_install_names   -L/usr/local/opt/llvm/lib -Wl,-rpath,/usr/local/opt/llvm/lib  CMakeFiles/cmTC_bfef3.dir/feature_tests.c.o  -o cmTC_bfef3 


    Feature record: C_FEATURE:1c_function_prototypes
    Feature record: C_FEATURE:1c_restrict
    Feature record: C_FEATURE:1c_static_assert
    Feature record: C_FEATURE:1c_variadic_macros


Detecting C [-std=c99] compiler features compiled with the following output:
Change Dir: /Users/julienfausty/workspace/personnalStuff/HyperFox/bin/CMakeFiles/CMakeTmp

Run Build Command:"/usr/bin/make" "cmTC_79e60/fast"
/Applications/Xcode.app/Contents/Developer/usr/bin/make -f CMakeFiles/cmTC_79e60.dir/build.make CMakeFiles/cmTC_79e60.dir/build
Building C object CMakeFiles/cmTC_79e60.dir/feature_tests.c.o
/usr/local/opt/llvm/bin/clang    -std=c99 -o CMakeFiles/cmTC_79e60.dir/feature_tests.c.o   -c /Users/julienfausty/workspace/personnalStuff/HyperFox/bin/CMakeFiles/feature_tests.c
Linking C executable cmTC_79e60
/usr/local/Cellar/cmake/3.4.0/bin/cmake -E cmake_link_script CMakeFiles/cmTC_79e60.dir/link.txt --verbose=1
/usr/local/opt/llvm/bin/clang    -Wl,-search_paths_first -Wl,-headerpad_max_install_names   -L/usr/local/opt/llvm/lib -Wl,-rpath,/usr/local/opt/llvm/lib  CMakeFiles/cmTC_79e60.dir/feature_tests.c.o  -o cmTC_79e60 


    Feature record: C_FEATURE:1c_function_prototypes
    Feature record: C_FEATURE:1c_restrict
    Feature record: C_FEATURE:0c_static_assert
    Feature record: C_FEATURE:1c_variadic_macros


Detecting C [-std=c90] compiler features compiled with the following output:
Change Dir: /Users/julienfausty/workspace/personnalStuff/HyperFox/bin/CMakeFiles/CMakeTmp

Run Build Command:"/usr/bin/make" "cmTC_139dd/fast"
/Applications/Xcode.app/Contents/Developer/usr/bin/make -f CMakeFiles/cmTC_139dd.dir/build.make CMakeFiles/cmTC_139dd.dir/build
Building C object CMakeFiles/cmTC_139dd.dir/feature_tests.c.o
/usr/local/opt/llvm/bin/clang    -std=c90 -o CMakeFiles/cmTC_139dd.dir/feature_tests.c.o   -c /Users/julienfausty/workspace/personnalStuff/HyperFox/bin/CMakeFiles/feature_tests.c
Linking C executable cmTC_139dd
/usr/local/Cellar/cmake/3.4.0/bin/cmake -E cmake_link_script CMakeFiles/cmTC_139dd.dir/link.txt --verbose=1
/usr/local/opt/llvm/bin/clang    -Wl,-search_paths_first -Wl,-headerpad_max_install_names   -L/usr/local/opt/llvm/lib -Wl,-rpath,/usr/local/opt/llvm/lib  CMakeFiles/cmTC_139dd.dir/feature_tests.c.o  -o cmTC_139dd 


    Feature record: C_FEATURE:1c_function_prototypes
    Feature record: C_FEATURE:0c_restrict
    Feature record: C_FEATURE:0c_static_assert
    Feature record: C_FEATURE:0c_variadic_macros
Determining if the CXX compiler works passed with the following output:
Change Dir: /Users/julienfausty/workspace/personnalStuff/HyperFox/bin/CMakeFiles/CMakeTmp

Run Build Command:"/usr/bin/make" "cmTC_4b673/fast"
/Applications/Xcode.app/Contents/Developer/usr/bin/make -f CMakeFiles/cmTC_4b673.dir/build.make CMakeFiles/cmTC_4b673.dir/build
Building CXX object CMakeFiles/cmTC_4b673.dir/testCXXCompiler.cxx.o
/usr/local/opt/llvm/bin/clang++     -std=c++11 -stdlib=libc++     -o CMakeFiles/cmTC_4b673.dir/testCXXCompiler.cxx.o -c /Users/julienfausty/workspace/personnalStuff/HyperFox/bin/CMakeFiles/CMakeTmp/testCXXCompiler.cxx
Linking CXX executable cmTC_4b673
/usr/local/Cellar/cmake/3.4.0/bin/cmake -E cmake_link_script CMakeFiles/cmTC_4b673.dir/link.txt --verbose=1
/usr/local/opt/llvm/bin/clang++   -std=c++11 -stdlib=libc++   -Wl,-search_paths_first -Wl,-headerpad_max_install_names   -L/usr/local/opt/llvm/lib -Wl,-rpath,/usr/local/opt/llvm/lib  CMakeFiles/cmTC_4b673.dir/testCXXCompiler.cxx.o  -o cmTC_4b673 


Detecting CXX compiler ABI info compiled with the following output:
Change Dir: /Users/julienfausty/workspace/personnalStuff/HyperFox/bin/CMakeFiles/CMakeTmp

Run Build Command:"/usr/bin/make" "cmTC_7a78d/fast"
/Applications/Xcode.app/Contents/Developer/usr/bin/make -f CMakeFiles/cmTC_7a78d.dir/build.make CMakeFiles/cmTC_7a78d.dir/build
Building CXX object CMakeFiles/cmTC_7a78d.dir/CMakeCXXCompilerABI.cpp.o
/usr/local/opt/llvm/bin/clang++     -std=c++11 -stdlib=libc++     -o CMakeFiles/cmTC_7a78d.dir/CMakeCXXCompilerABI.cpp.o -c /usr/local/Cellar/cmake/3.4.0/share/cmake/Modules/CMakeCXXCompilerABI.cpp
Linking CXX executable cmTC_7a78d
/usr/local/Cellar/cmake/3.4.0/bin/cmake -E cmake_link_script CMakeFiles/cmTC_7a78d.dir/link.txt --verbose=1
/usr/local/opt/llvm/bin/clang++   -std=c++11 -stdlib=libc++   -Wl,-search_paths_first -Wl,-headerpad_max_install_names   -L/usr/local/opt/llvm/lib -Wl,-rpath,/usr/local/opt/llvm/lib -v -Wl,-v CMakeFiles/cmTC_7a78d.dir/CMakeCXXCompilerABI.cpp.o  -o cmTC_7a78d  
clang version 5.0.1 (tags/RELEASE_501/final)
Target: x86_64-apple-darwin17.4.0
Thread model: posix
InstalledDir: /usr/local/opt/llvm/bin
 "/usr/bin/ld" -demangle -lto_library /usr/local/Cellar/llvm/5.0.1/lib/libLTO.dylib -dynamic -arch x86_64 -macosx_version_min 10.13.0 -o cmTC_7a78d -L/usr/local/opt/llvm/lib -search_paths_first -headerpad_max_install_names -rpath /usr/local/opt/llvm/lib -v CMakeFiles/cmTC_7a78d.dir/CMakeCXXCompilerABI.cpp.o -lc++ -lSystem /usr/local/Cellar/llvm/5.0.1/lib/clang/5.0.1/lib/darwin/libclang_rt.osx.a
@(#)PROGRAM:ld  PROJECT:ld64-305
configured to support archs: armv6 armv7 armv7s arm64 i386 x86_64 x86_64h armv6m armv7k armv7m armv7em (tvOS)
Library search paths:
	/usr/local/opt/llvm/lib
	/usr/lib
	/usr/local/lib
Framework search paths:
	/Library/Frameworks/
	/System/Library/Frameworks/


Parsed CXX implicit link information from above output:
  link line regex: [^( *|.*[/\])(ld|([^/\]+-)?ld|collect2)[^/\]*( |$)]
  ignore line: [Change Dir: /Users/julienfausty/workspace/personnalStuff/HyperFox/bin/CMakeFiles/CMakeTmp]
  ignore line: []
  ignore line: [Run Build Command:"/usr/bin/make" "cmTC_7a78d/fast"]
  ignore line: [/Applications/Xcode.app/Contents/Developer/usr/bin/make -f CMakeFiles/cmTC_7a78d.dir/build.make CMakeFiles/cmTC_7a78d.dir/build]
  ignore line: [Building CXX object CMakeFiles/cmTC_7a78d.dir/CMakeCXXCompilerABI.cpp.o]
  ignore line: [/usr/local/opt/llvm/bin/clang++     -std=c++11 -stdlib=libc++     -o CMakeFiles/cmTC_7a78d.dir/CMakeCXXCompilerABI.cpp.o -c /usr/local/Cellar/cmake/3.4.0/share/cmake/Modules/CMakeCXXCompilerABI.cpp]
  ignore line: [Linking CXX executable cmTC_7a78d]
  ignore line: [/usr/local/Cellar/cmake/3.4.0/bin/cmake -E cmake_link_script CMakeFiles/cmTC_7a78d.dir/link.txt --verbose=1]
  ignore line: [/usr/local/opt/llvm/bin/clang++   -std=c++11 -stdlib=libc++   -Wl,-search_paths_first -Wl,-headerpad_max_install_names   -L/usr/local/opt/llvm/lib -Wl,-rpath,/usr/local/opt/llvm/lib -v -Wl,-v CMakeFiles/cmTC_7a78d.dir/CMakeCXXCompilerABI.cpp.o  -o cmTC_7a78d  ]
  ignore line: [clang version 5.0.1 (tags/RELEASE_501/final)]
  ignore line: [Target: x86_64-apple-darwin17.4.0]
  ignore line: [Thread model: posix]
  ignore line: [InstalledDir: /usr/local/opt/llvm/bin]
  link line: [ "/usr/bin/ld" -demangle -lto_library /usr/local/Cellar/llvm/5.0.1/lib/libLTO.dylib -dynamic -arch x86_64 -macosx_version_min 10.13.0 -o cmTC_7a78d -L/usr/local/opt/llvm/lib -search_paths_first -headerpad_max_install_names -rpath /usr/local/opt/llvm/lib -v CMakeFiles/cmTC_7a78d.dir/CMakeCXXCompilerABI.cpp.o -lc++ -lSystem /usr/local/Cellar/llvm/5.0.1/lib/clang/5.0.1/lib/darwin/libclang_rt.osx.a]
    arg [/usr/bin/ld] ==> ignore
    arg [-demangle] ==> ignore
    arg [-lto_library] ==> lib [to_library]
    arg [/usr/local/Cellar/llvm/5.0.1/lib/libLTO.dylib] ==> ignore
    arg [-dynamic] ==> ignore
    arg [-arch] ==> ignore
    arg [x86_64] ==> ignore
    arg [-macosx_version_min] ==> ignore
    arg [10.13.0] ==> ignore
    arg [-o] ==> ignore
    arg [cmTC_7a78d] ==> ignore
    arg [-L/usr/local/opt/llvm/lib] ==> dir [/usr/local/opt/llvm/lib]
    arg [-search_paths_first] ==> ignore
    arg [-headerpad_max_install_names] ==> ignore
    arg [-rpath] ==> ignore
    arg [/usr/local/opt/llvm/lib] ==> ignore
    arg [-v] ==> ignore
    arg [CMakeFiles/cmTC_7a78d.dir/CMakeCXXCompilerABI.cpp.o] ==> ignore
    arg [-lc++] ==> lib [c++]
    arg [-lSystem] ==> lib [System]
    arg [/usr/local/Cellar/llvm/5.0.1/lib/clang/5.0.1/lib/darwin/libclang_rt.osx.a] ==> lib [/usr/local/Cellar/llvm/5.0.1/lib/clang/5.0.1/lib/darwin/libclang_rt.osx.a]
  Library search paths: [;/usr/local/opt/llvm/lib;/usr/lib;/usr/local/lib]
  Framework search paths: [;/Library/Frameworks/;/System/Library/Frameworks/]
  remove lib [System]
  collapse library dir [/usr/local/opt/llvm/lib] ==> [/usr/local/opt/llvm/lib]
  collapse library dir [/usr/local/opt/llvm/lib] ==> [/usr/local/opt/llvm/lib]
  collapse library dir [/usr/lib] ==> [/usr/lib]
  collapse library dir [/usr/local/lib] ==> [/usr/local/lib]
  collapse framework dir [/Library/Frameworks/] ==> [/Library/Frameworks]
  collapse framework dir [/System/Library/Frameworks/] ==> [/System/Library/Frameworks]
  implicit libs: [to_library;c++;/usr/local/Cellar/llvm/5.0.1/lib/clang/5.0.1/lib/darwin/libclang_rt.osx.a]
  implicit dirs: [/usr/local/opt/llvm/lib;/usr/lib;/usr/local/lib]
  implicit fwks: [/Library/Frameworks;/System/Library/Frameworks]




Detecting CXX [-std=c++14] compiler features compiled with the following output:
Change Dir: /Users/julienfausty/workspace/personnalStuff/HyperFox/bin/CMakeFiles/CMakeTmp

Run Build Command:"/usr/bin/make" "cmTC_a9c1d/fast"
/Applications/Xcode.app/Contents/Developer/usr/bin/make -f CMakeFiles/cmTC_a9c1d.dir/build.make CMakeFiles/cmTC_a9c1d.dir/build
Building CXX object CMakeFiles/cmTC_a9c1d.dir/feature_tests.cxx.o
/usr/local/opt/llvm/bin/clang++     -std=c++11 -stdlib=libc++     -std=c++14 -o CMakeFiles/cmTC_a9c1d.dir/feature_tests.cxx.o -c /Users/julienfausty/workspace/personnalStuff/HyperFox/bin/CMakeFiles/feature_tests.cxx
Linking CXX executable cmTC_a9c1d
/usr/local/Cellar/cmake/3.4.0/bin/cmake -E cmake_link_script CMakeFiles/cmTC_a9c1d.dir/link.txt --verbose=1
/usr/local/opt/llvm/bin/clang++   -std=c++11 -stdlib=libc++   -Wl,-search_paths_first -Wl,-headerpad_max_install_names   -L/usr/local/opt/llvm/lib -Wl,-rpath,/usr/local/opt/llvm/lib  CMakeFiles/cmTC_a9c1d.dir/feature_tests.cxx.o  -o cmTC_a9c1d 


    Feature record: CXX_FEATURE:1cxx_aggregate_default_initializers
    Feature record: CXX_FEATURE:1cxx_alias_templates
    Feature record: CXX_FEATURE:1cxx_alignas
    Feature record: CXX_FEATURE:1cxx_alignof
    Feature record: CXX_FEATURE:1cxx_attributes
    Feature record: CXX_FEATURE:1cxx_attribute_deprecated
    Feature record: CXX_FEATURE:1cxx_auto_type
    Feature record: CXX_FEATURE:1cxx_binary_literals
    Feature record: CXX_FEATURE:1cxx_constexpr
    Feature record: CXX_FEATURE:1cxx_contextual_conversions
    Feature record: CXX_FEATURE:1cxx_decltype
    Feature record: CXX_FEATURE:1cxx_decltype_auto
    Feature record: CXX_FEATURE:1cxx_decltype_incomplete_return_types
    Feature record: CXX_FEATURE:1cxx_default_function_template_args
    Feature record: CXX_FEATURE:1cxx_defaulted_functions
    Feature record: CXX_FEATURE:1cxx_defaulted_move_initializers
    Feature record: CXX_FEATURE:1cxx_delegating_constructors
    Feature record: CXX_FEATURE:1cxx_deleted_functions
    Feature record: CXX_FEATURE:1cxx_digit_separators
    Feature record: CXX_FEATURE:1cxx_enum_forward_declarations
    Feature record: CXX_FEATURE:1cxx_explicit_conversions
    Feature record: CXX_FEATURE:1cxx_extended_friend_declarations
    Feature record: CXX_FEATURE:1cxx_extern_templates
    Feature record: CXX_FEATURE:1cxx_final
    Feature record: CXX_FEATURE:1cxx_func_identifier
    Feature record: CXX_FEATURE:1cxx_generalized_initializers
    Feature record: CXX_FEATURE:1cxx_generic_lambdas
    Feature record: CXX_FEATURE:1cxx_inheriting_constructors
    Feature record: CXX_FEATURE:1cxx_inline_namespaces
    Feature record: CXX_FEATURE:1cxx_lambdas
    Feature record: CXX_FEATURE:1cxx_lambda_init_captures
    Feature record: CXX_FEATURE:1cxx_local_type_template_args
    Feature record: CXX_FEATURE:1cxx_long_long_type
    Feature record: CXX_FEATURE:1cxx_noexcept
    Feature record: CXX_FEATURE:1cxx_nonstatic_member_init
    Feature record: CXX_FEATURE:1cxx_nullptr
    Feature record: CXX_FEATURE:1cxx_override
    Feature record: CXX_FEATURE:1cxx_range_for
    Feature record: CXX_FEATURE:1cxx_raw_string_literals
    Feature record: CXX_FEATURE:1cxx_reference_qualified_functions
    Feature record: CXX_FEATURE:1cxx_relaxed_constexpr
    Feature record: CXX_FEATURE:1cxx_return_type_deduction
    Feature record: CXX_FEATURE:1cxx_right_angle_brackets
    Feature record: CXX_FEATURE:1cxx_rvalue_references
    Feature record: CXX_FEATURE:1cxx_sizeof_member
    Feature record: CXX_FEATURE:1cxx_static_assert
    Feature record: CXX_FEATURE:1cxx_strong_enums
    Feature record: CXX_FEATURE:1cxx_template_template_parameters
    Feature record: CXX_FEATURE:1cxx_thread_local
    Feature record: CXX_FEATURE:1cxx_trailing_return_types
    Feature record: CXX_FEATURE:1cxx_unicode_literals
    Feature record: CXX_FEATURE:1cxx_uniform_initialization
    Feature record: CXX_FEATURE:1cxx_unrestricted_unions
    Feature record: CXX_FEATURE:1cxx_user_literals
    Feature record: CXX_FEATURE:1cxx_variable_templates
    Feature record: CXX_FEATURE:1cxx_variadic_macros
    Feature record: CXX_FEATURE:1cxx_variadic_templates


Detecting CXX [-std=c++11] compiler features compiled with the following output:
Change Dir: /Users/julienfausty/workspace/personnalStuff/HyperFox/bin/CMakeFiles/CMakeTmp

Run Build Command:"/usr/bin/make" "cmTC_fcffc/fast"
/Applications/Xcode.app/Contents/Developer/usr/bin/make -f CMakeFiles/cmTC_fcffc.dir/build.make CMakeFiles/cmTC_fcffc.dir/build
Building CXX object CMakeFiles/cmTC_fcffc.dir/feature_tests.cxx.o
/usr/local/opt/llvm/bin/clang++     -std=c++11 -stdlib=libc++     -std=c++11 -o CMakeFiles/cmTC_fcffc.dir/feature_tests.cxx.o -c /Users/julienfausty/workspace/personnalStuff/HyperFox/bin/CMakeFiles/feature_tests.cxx
Linking CXX executable cmTC_fcffc
/usr/local/Cellar/cmake/3.4.0/bin/cmake -E cmake_link_script CMakeFiles/cmTC_fcffc.dir/link.txt --verbose=1
/usr/local/opt/llvm/bin/clang++   -std=c++11 -stdlib=libc++   -Wl,-search_paths_first -Wl,-headerpad_max_install_names   -L/usr/local/opt/llvm/lib -Wl,-rpath,/usr/local/opt/llvm/lib  CMakeFiles/cmTC_fcffc.dir/feature_tests.cxx.o  -o cmTC_fcffc 


    Feature record: CXX_FEATURE:0cxx_aggregate_default_initializers
    Feature record: CXX_FEATURE:1cxx_alias_templates
    Feature record: CXX_FEATURE:1cxx_alignas
    Feature record: CXX_FEATURE:1cxx_alignof
    Feature record: CXX_FEATURE:1cxx_attributes
    Feature record: CXX_FEATURE:0cxx_attribute_deprecated
    Feature record: CXX_FEATURE:1cxx_auto_type
    Feature record: CXX_FEATURE:0cxx_binary_literals
    Feature record: CXX_FEATURE:1cxx_constexpr
    Feature record: CXX_FEATURE:0cxx_contextual_conversions
    Feature record: CXX_FEATURE:1cxx_decltype
    Feature record: CXX_FEATURE:0cxx_decltype_auto
    Feature record: CXX_FEATURE:1cxx_decltype_incomplete_return_types
    Feature record: CXX_FEATURE:1cxx_default_function_template_args
    Feature record: CXX_FEATURE:1cxx_defaulted_functions
    Feature record: CXX_FEATURE:1cxx_defaulted_move_initializers
    Feature record: CXX_FEATURE:1cxx_delegating_constructors
    Feature record: CXX_FEATURE:1cxx_deleted_functions
    Feature record: CXX_FEATURE:0cxx_digit_separators
    Feature record: CXX_FEATURE:1cxx_enum_forward_declarations
    Feature record: CXX_FEATURE:1cxx_explicit_conversions
    Feature record: CXX_FEATURE:1cxx_extended_friend_declarations
    Feature record: CXX_FEATURE:1cxx_extern_templates
    Feature record: CXX_FEATURE:1cxx_final
    Feature record: CXX_FEATURE:1cxx_func_identifier
    Feature record: CXX_FEATURE:1cxx_generalized_initializers
    Feature record: CXX_FEATURE:0cxx_generic_lambdas
    Feature record: CXX_FEATURE:1cxx_inheriting_constructors
    Feature record: CXX_FEATURE:1cxx_inline_namespaces
    Feature record: CXX_FEATURE:1cxx_lambdas
    Feature record: CXX_FEATURE:0cxx_lambda_init_captures
    Feature record: CXX_FEATURE:1cxx_local_type_template_args
    Feature record: CXX_FEATURE:1cxx_long_long_type
    Feature record: CXX_FEATURE:1cxx_noexcept
    Feature record: CXX_FEATURE:1cxx_nonstatic_member_init
    Feature record: CXX_FEATURE:1cxx_nullptr
    Feature record: CXX_FEATURE:1cxx_override
    Feature record: CXX_FEATURE:1cxx_range_for
    Feature record: CXX_FEATURE:1cxx_raw_string_literals
    Feature record: CXX_FEATURE:1cxx_reference_qualified_functions
    Feature record: CXX_FEATURE:0cxx_relaxed_constexpr
    Feature record: CXX_FEATURE:0cxx_return_type_deduction
    Feature record: CXX_FEATURE:1cxx_right_angle_brackets
    Feature record: CXX_FEATURE:1cxx_rvalue_references
    Feature record: CXX_FEATURE:1cxx_sizeof_member
    Feature record: CXX_FEATURE:1cxx_static_assert
    Feature record: CXX_FEATURE:1cxx_strong_enums
    Feature record: CXX_FEATURE:1cxx_template_template_parameters
    Feature record: CXX_FEATURE:1cxx_thread_local
    Feature record: CXX_FEATURE:1cxx_trailing_return_types
    Feature record: CXX_FEATURE:1cxx_unicode_literals
    Feature record: CXX_FEATURE:1cxx_uniform_initialization
    Feature record: CXX_FEATURE:1cxx_unrestricted_unions
    Feature record: CXX_FEATURE:1cxx_user_literals
    Feature record: CXX_FEATURE:0cxx_variable_templates
    Feature record: CXX_FEATURE:1cxx_variadic_macros
    Feature record: CXX_FEATURE:1cxx_variadic_templates


Detecting CXX [-std=c++98] compiler features compiled with the following output:
Change Dir: /Users/julienfausty/workspace/personnalStuff/HyperFox/bin/CMakeFiles/CMakeTmp

Run Build Command:"/usr/bin/make" "cmTC_ad2f2/fast"
/Applications/Xcode.app/Contents/Developer/usr/bin/make -f CMakeFiles/cmTC_ad2f2.dir/build.make CMakeFiles/cmTC_ad2f2.dir/build
Building CXX object CMakeFiles/cmTC_ad2f2.dir/feature_tests.cxx.o
/usr/local/opt/llvm/bin/clang++     -std=c++11 -stdlib=libc++     -std=c++98 -o CMakeFiles/cmTC_ad2f2.dir/feature_tests.cxx.o -c /Users/julienfausty/workspace/personnalStuff/HyperFox/bin/CMakeFiles/feature_tests.cxx
Linking CXX executable cmTC_ad2f2
/usr/local/Cellar/cmake/3.4.0/bin/cmake -E cmake_link_script CMakeFiles/cmTC_ad2f2.dir/link.txt --verbose=1
/usr/local/opt/llvm/bin/clang++   -std=c++11 -stdlib=libc++   -Wl,-search_paths_first -Wl,-headerpad_max_install_names   -L/usr/local/opt/llvm/lib -Wl,-rpath,/usr/local/opt/llvm/lib  CMakeFiles/cmTC_ad2f2.dir/feature_tests.cxx.o  -o cmTC_ad2f2 


    Feature record: CXX_FEATURE:0cxx_aggregate_default_initializers
    Feature record: CXX_FEATURE:0cxx_alias_templates
    Feature record: CXX_FEATURE:0cxx_alignas
    Feature record: CXX_FEATURE:0cxx_alignof
    Feature record: CXX_FEATURE:0cxx_attributes
    Feature record: CXX_FEATURE:0cxx_attribute_deprecated
    Feature record: CXX_FEATURE:0cxx_auto_type
    Feature record: CXX_FEATURE:0cxx_binary_literals
    Feature record: CXX_FEATURE:0cxx_constexpr
    Feature record: CXX_FEATURE:0cxx_contextual_conversions
    Feature record: CXX_FEATURE:0cxx_decltype
    Feature record: CXX_FEATURE:0cxx_decltype_auto
    Feature record: CXX_FEATURE:0cxx_decltype_incomplete_return_types
    Feature record: CXX_FEATURE:0cxx_default_function_template_args
    Feature record: CXX_FEATURE:0cxx_defaulted_functions
    Feature record: CXX_FEATURE:0cxx_defaulted_move_initializers
    Feature record: CXX_FEATURE:0cxx_delegating_constructors
    Feature record: CXX_FEATURE:0cxx_deleted_functions
    Feature record: CXX_FEATURE:0cxx_digit_separators
    Feature record: CXX_FEATURE:0cxx_enum_forward_declarations
    Feature record: CXX_FEATURE:0cxx_explicit_conversions
    Feature record: CXX_FEATURE:0cxx_extended_friend_declarations
    Feature record: CXX_FEATURE:0cxx_extern_templates
    Feature record: CXX_FEATURE:0cxx_final
    Feature record: CXX_FEATURE:0cxx_func_identifier
    Feature record: CXX_FEATURE:0cxx_generalized_initializers
    Feature record: CXX_FEATURE:0cxx_generic_lambdas
    Feature record: CXX_FEATURE:0cxx_inheriting_constructors
    Feature record: CXX_FEATURE:0cxx_inline_namespaces
    Feature record: CXX_FEATURE:0cxx_lambdas
    Feature record: CXX_FEATURE:0cxx_lambda_init_captures
    Feature record: CXX_FEATURE:0cxx_local_type_template_args
    Feature record: CXX_FEATURE:0cxx_long_long_type
    Feature record: CXX_FEATURE:0cxx_noexcept
    Feature record: CXX_FEATURE:0cxx_nonstatic_member_init
    Feature record: CXX_FEATURE:0cxx_nullptr
    Feature record: CXX_FEATURE:0cxx_override
    Feature record: CXX_FEATURE:0cxx_range_for
    Feature record: CXX_FEATURE:0cxx_raw_string_literals
    Feature record: CXX_FEATURE:0cxx_reference_qualified_functions
    Feature record: CXX_FEATURE:0cxx_relaxed_constexpr
    Feature record: CXX_FEATURE:0cxx_return_type_deduction
    Feature record: CXX_FEATURE:0cxx_right_angle_brackets
    Feature record: CXX_FEATURE:0cxx_rvalue_references
    Feature record: CXX_FEATURE:0cxx_sizeof_member
    Feature record: CXX_FEATURE:0cxx_static_assert
    Feature record: CXX_FEATURE:0cxx_strong_enums
    Feature record: CXX_FEATURE:1cxx_template_template_parameters
    Feature record: CXX_FEATURE:0cxx_thread_local
    Feature record: CXX_FEATURE:0cxx_trailing_return_types
    Feature record: CXX_FEATURE:0cxx_unicode_literals
    Feature record: CXX_FEATURE:0cxx_uniform_initialization
    Feature record: CXX_FEATURE:0cxx_unrestricted_unions
    Feature record: CXX_FEATURE:0cxx_user_literals
    Feature record: CXX_FEATURE:0cxx_variable_templates
    Feature record: CXX_FEATURE:0cxx_variadic_macros
    Feature record: CXX_FEATURE:0cxx_variadic_templates
